2024-03-02 11:16:12,170 - INFO - Драйвер запущен
2024-03-02 11:16:17,660 - INFO - Открыта страница входа в Instagram
2024-03-02 11:16:17,666 - INFO - Ожидание загрузки страницы 5 секунд
2024-03-02 11:16:22,669 - INFO - Начало работы скрипта
2024-03-02 11:16:22,815 - INFO - Введен логин
2024-03-02 11:16:22,882 - INFO - Введен пароль
2024-03-02 11:16:22,904 - INFO - Нажата кнопка входа
2024-03-02 11:16:22,905 - INFO - Ожидание загрузки страницы 5 секунд
2024-03-02 11:16:27,922 - INFO - Страница загружена
2024-03-02 11:16:27,923 - INFO - Открытие профиля
2024-03-02 11:16:31,941 - INFO - Ожидание загрузки страницы 5 секунд
2024-03-02 11:16:36,983 - INFO - Найдена кнопка подписчиков
2024-03-02 11:16:37,031 - INFO - Кликнули на кнопку подписчиков и ждем 5 секунд
2024-03-02 11:16:42,035 - INFO - Запускаем цикл по отписке
2024-03-02 11:16:42,035 - INFO - Ищем кнопку подписки
2024-03-02 11:16:42,043 - INFO - Найдена кнопка подписки - кликаем
2024-03-02 11:16:44,090 - INFO - Кликнули на кнопку подписок и ждем 5 секунд
2024-03-02 11:16:49,096 - INFO - Ищем кнопку отписки
2024-03-02 11:16:49,106 - INFO - Найдена кнопка отписки - кликаем
2024-03-02 11:16:51,158 - INFO - Кликнули на кнопку отписок и ждем 5 секунд
2024-03-02 11:16:56,165 - INFO - Элемент удален
2024-03-02 11:16:58,166 - INFO - Ищем кнопку подписки
2024-03-02 11:16:58,174 - INFO - Найдена кнопка подписки - кликаем
2024-03-02 11:17:00,204 - INFO - Кликнули на кнопку подписок и ждем 5 секунд
2024-03-02 11:17:05,211 - INFO - Ищем кнопку отписки
2024-03-02 11:17:05,233 - INFO - Найдена кнопка отписки - кликаем
2024-03-02 11:17:07,279 - INFO - Кликнули на кнопку отписок и ждем 5 секунд
2024-03-02 11:17:12,284 - INFO - Элемент удален
2024-03-02 11:17:14,289 - INFO - Ищем кнопку подписки
2024-03-02 11:17:14,296 - INFO - Найдена кнопка подписки - кликаем
2024-03-02 11:17:16,337 - INFO - Кликнули на кнопку подписок и ждем 5 секунд
2024-03-02 11:17:21,340 - INFO - Ищем кнопку отписки
2024-03-02 11:17:21,352 - INFO - Найдена кнопка отписки - кликаем
2024-03-02 11:17:23,423 - INFO - Кликнули на кнопку отписок и ждем 5 секунд
2024-03-02 11:17:28,431 - INFO - Элемент удален
2024-03-02 11:17:30,432 - INFO - Ищем кнопку подписки
2024-03-02 11:17:30,448 - INFO - Найдена кнопка подписки - кликаем
2024-03-02 11:17:32,556 - INFO - Кликнули на кнопку подписок и ждем 5 секунд
2024-03-02 11:17:37,573 - INFO - Ищем кнопку отписки
2024-03-02 11:17:37,716 - INFO - Найдена кнопка отписки - кликаем
2024-03-02 11:17:39,950 - INFO - Кликнули на кнопку отписок и ждем 5 секунд
2024-03-02 11:17:45,213 - INFO - Элемент удален
2024-03-02 11:17:47,289 - INFO - Ищем кнопку подписки
2024-03-02 11:17:47,397 - INFO - Найдена кнопка подписки - кликаем
2024-03-02 11:17:49,643 - INFO - Кликнули на кнопку подписок и ждем 5 секунд
2024-03-02 11:17:54,659 - INFO - Ищем кнопку отписки
2024-03-02 11:17:54,754 - INFO - Найдена кнопка отписки - кликаем
2024-03-02 11:17:57,191 - INFO - Кликнули на кнопку отписок и ждем 5 секунд
2024-03-02 11:18:02,270 - INFO - Элемент удален
2024-03-02 11:18:34,524 - INFO - Завершение работы скрипта
2024-03-02 11:24:55,248 - INFO - Драйвер запущен
2024-03-02 11:25:12,231 - INFO - Открыта страница входа в Instagram
2024-03-02 11:25:12,231 - INFO - Ожидание загрузки страницы 5 секунд
2024-03-02 11:25:17,235 - INFO - Начало работы скрипта
2024-03-02 11:25:41,507 - INFO - Драйвер запущен
2024-03-02 11:25:47,479 - INFO - Открыта страница входа в Instagram
2024-03-02 11:25:47,479 - INFO - Ожидание загрузки страницы 5 секунд
2024-03-02 11:25:52,484 - INFO - Начало работы скрипта
2024-03-02 11:25:52,607 - INFO - Введен логин
2024-03-02 11:25:52,699 - INFO - Введен пароль
2024-03-02 11:25:52,739 - INFO - Нажата кнопка входа
2024-03-02 11:25:52,739 - INFO - Ожидание загрузки страницы 5 секунд
2024-03-02 11:25:57,740 - INFO - Страница загружена
2024-03-02 11:25:57,740 - INFO - Открытие профиля
2024-03-02 11:25:58,960 - INFO - Ожидание загрузки страницы 5 секунд
2024-03-02 11:26:03,987 - INFO - Найдена кнопка подписчиков
2024-03-02 11:26:04,040 - INFO - Кликнули на кнопку подписчиков и ждем 5 секунд
2024-03-02 11:26:09,042 - INFO - Запускаем цикл по отписке
2024-03-02 11:26:09,043 - INFO - Ищем кнопку подписки
2024-03-02 11:26:09,053 - INFO - Найдена кнопка подписки - кликаем
2024-03-02 11:26:11,108 - INFO - Кликнули на кнопку подписок и ждем 5 секунд
2024-03-02 11:26:16,122 - INFO - Ищем кнопку отписки
2024-03-02 11:26:16,190 - INFO - Найдена кнопка отписки - кликаем
2024-03-02 11:26:18,297 - INFO - Кликнули на кнопку отписок и ждем 5 секунд
2024-03-02 11:26:23,359 - INFO - Элемент удален
2024-03-02 11:26:25,366 - INFO - Ищем кнопку подписки
2024-03-02 11:26:25,396 - INFO - Найдена кнопка подписки - кликаем
2024-03-02 11:26:27,460 - INFO - Кликнули на кнопку подписок и ждем 5 секунд
2024-03-02 11:26:32,463 - INFO - Ищем кнопку отписки
2024-03-02 11:26:32,475 - INFO - Найдена кнопка отписки - кликаем
2024-03-02 11:26:34,563 - INFO - Кликнули на кнопку отписок и ждем 5 секунд
2024-03-02 11:26:39,575 - INFO - Элемент удален
2024-03-02 11:26:41,580 - INFO - Ищем кнопку подписки
2024-03-02 11:26:41,585 - INFO - Найдена кнопка подписки - кликаем
2024-03-02 11:26:43,653 - INFO - Кликнули на кнопку подписок и ждем 5 секунд
2024-03-02 11:26:48,657 - INFO - Ищем кнопку отписки
2024-03-02 11:26:48,687 - INFO - Найдена кнопка отписки - кликаем
2024-03-02 11:26:50,731 - INFO - Кликнули на кнопку отписок и ждем 5 секунд
2024-03-02 11:26:55,759 - INFO - Элемент удален
2024-03-02 11:26:57,762 - INFO - Ищем кнопку подписки
2024-03-02 11:26:57,780 - INFO - Найдена кнопка подписки - кликаем
2024-03-02 11:26:59,887 - INFO - Кликнули на кнопку подписок и ждем 5 секунд
2024-03-02 11:27:04,893 - INFO - Ищем кнопку отписки
2024-03-02 11:27:04,935 - INFO - Найдена кнопка отписки - кликаем
2024-03-02 11:27:07,054 - INFO - Кликнули на кнопку отписок и ждем 5 секунд
2024-03-02 11:27:12,092 - INFO - Элемент удален
2024-03-02 11:27:14,099 - INFO - Ищем кнопку подписки
2024-03-02 11:27:14,129 - INFO - Найдена кнопка подписки - кликаем
2024-03-02 11:27:16,267 - INFO - Кликнули на кнопку подписок и ждем 5 секунд
2024-03-02 11:27:21,274 - INFO - Ищем кнопку отписки
2024-03-02 11:27:21,282 - INFO - Найдена кнопка отписки - кликаем
2024-03-02 11:27:23,359 - INFO - Кликнули на кнопку отписок и ждем 5 секунд
2024-03-02 11:27:28,371 - INFO - Элемент удален
2024-03-02 11:28:00,596 - INFO - Завершение работы скрипта
2024-03-02 11:37:19,118 - INFO - Драйвер запущен
2024-03-02 11:37:22,575 - INFO - Открыта страница входа в Instagram
2024-03-02 11:37:22,578 - INFO - Ожидание загрузки страницы 5 секунд
2024-03-02 11:37:27,581 - INFO - Начало работы скрипта
2024-03-02 11:37:27,750 - INFO - Введен логин
2024-03-02 11:37:27,787 - INFO - Введен пароль
2024-03-02 11:37:27,819 - INFO - Нажата кнопка входа
2024-03-02 11:37:27,819 - INFO - Ожидание загрузки страницы 5 секунд
2024-03-02 11:37:32,825 - INFO - Страница загружена
2024-03-02 11:37:32,825 - INFO - Открытие профиля
2024-03-02 11:37:40,487 - INFO - Ожидание загрузки страницы 5 секунд
2024-03-02 11:37:45,533 - INFO - Найдена кнопка подписчиков
2024-03-02 11:37:45,676 - INFO - Ожидание загрузки страницы 5 секунд
2024-03-02 11:37:50,691 - INFO - Запускаем цикл по отписке
2024-03-02 11:37:50,694 - INFO - Ищем кнопку подписки
2024-03-02 11:37:50,712 - INFO - Найдена кнопка подписки - кликаем
2024-03-02 11:37:52,906 - INFO - Ожидание загрузки страницы 5 секунд
2024-03-02 11:37:57,909 - INFO - Ищем кнопку отписки
2024-03-02 11:37:57,920 - INFO - Найдена кнопка отписки - кликаем
2024-03-02 11:37:59,974 - INFO - Ожидание загрузки страницы 5 секунд
2024-03-02 11:38:04,987 - INFO - Элемент удален
2024-03-02 11:38:06,990 - INFO - Ищем кнопку подписки
2024-03-02 11:38:06,995 - INFO - Найдена кнопка подписки - кликаем
2024-03-02 11:38:09,030 - INFO - Ожидание загрузки страницы 5 секунд
2024-03-02 11:38:14,034 - INFO - Ищем кнопку отписки
2024-03-02 11:38:14,061 - INFO - Найдена кнопка отписки - кликаем
2024-03-02 11:38:16,101 - INFO - Ожидание загрузки страницы 5 секунд
2024-03-02 11:38:21,114 - INFO - Элемент удален
2024-03-02 11:38:23,117 - INFO - Ищем кнопку подписки
2024-03-02 11:38:23,146 - INFO - Найдена кнопка подписки - кликаем
2024-03-02 11:38:25,232 - INFO - Ожидание загрузки страницы 5 секунд
2024-03-02 11:38:30,241 - INFO - Ищем кнопку отписки
2024-03-02 11:38:30,279 - INFO - Найдена кнопка отписки - кликаем
2024-03-02 11:38:32,347 - INFO - Ожидание загрузки страницы 5 секунд
2024-03-02 11:38:37,421 - INFO - Элемент удален
2024-03-02 11:38:39,428 - INFO - Ищем кнопку подписки
2024-03-02 11:38:39,446 - INFO - Найдена кнопка подписки - кликаем
2024-03-02 11:39:12,689 - INFO - Завершение работы скрипта
2024-03-02 11:39:41,772 - INFO - Драйвер запущен
2024-03-02 11:39:46,115 - INFO - Открыта страница входа в Instagram
2024-03-02 11:39:46,115 - INFO - Ожидание загрузки страницы 5 секунд
2024-03-02 11:39:51,118 - INFO - Начало работы скрипта
2024-03-02 11:39:51,269 - INFO - Введен логин
2024-03-02 11:39:51,302 - INFO - Введен пароль
2024-03-02 11:39:51,321 - INFO - Нажата кнопка входа
2024-03-02 11:39:51,321 - INFO - Ожидание загрузки страницы 5 секунд
2024-03-02 11:39:56,326 - INFO - Страница загружена
2024-03-02 11:39:56,326 - INFO - Открытие профиля
2024-03-02 11:39:57,278 - INFO - Ожидание загрузки страницы 5 секунд
2024-03-02 11:40:02,306 - INFO - Найдена кнопка подписчиков
2024-03-02 11:40:02,386 - INFO - Ожидание загрузки страницы 5 секунд
2024-03-02 11:40:07,387 - INFO - Запускаем цикл по отписке
2024-03-02 11:40:07,387 - INFO - Ищем кнопку подписки
2024-03-02 11:40:07,398 - INFO - Найдена кнопка подписки - кликаем
2024-03-02 11:40:09,434 - INFO - Ожидание загрузки страницы 5 секунд
2024-03-02 11:40:14,438 - INFO - Ищем кнопку отписки
2024-03-02 11:40:14,446 - INFO - Найдена кнопка отписки - кликаем
2024-03-02 11:40:16,481 - INFO - Ожидание загрузки страницы 5 секунд
2024-03-02 11:40:21,496 - INFO - Элемент удален
2024-03-02 11:40:21,497 - INFO - Ожидание загрузки страницы 2 секунд
2024-03-02 11:40:23,502 - INFO - Ищем кнопку подписки
2024-03-02 11:40:23,508 - INFO - Найдена кнопка подписки - кликаем
2024-03-02 11:40:25,537 - INFO - Ожидание загрузки страницы 5 секунд
2024-03-02 11:40:30,538 - INFO - Ищем кнопку отписки
2024-03-02 11:40:30,547 - INFO - Найдена кнопка отписки - кликаем
2024-03-02 11:40:32,580 - INFO - Ожидание загрузки страницы 5 секунд
2024-03-02 11:40:37,585 - INFO - Элемент удален
2024-03-02 11:40:37,585 - INFO - Ожидание загрузки страницы 2 секунд
2024-03-02 11:40:39,589 - INFO - Ищем кнопку подписки
2024-03-02 11:40:39,597 - INFO - Найдена кнопка подписки - кликаем
2024-03-02 11:40:41,618 - INFO - Ожидание загрузки страницы 5 секунд
2024-03-02 11:40:46,622 - INFO - Ищем кнопку отписки
2024-03-02 11:40:46,630 - INFO - Найдена кнопка отписки - кликаем
2024-03-02 11:40:48,680 - INFO - Ожидание загрузки страницы 5 секунд
2024-03-02 11:40:53,689 - INFO - Элемент удален
2024-03-02 11:40:53,690 - INFO - Ожидание загрузки страницы 2 секунд
2024-03-02 11:40:55,693 - INFO - Ищем кнопку подписки
2024-03-02 11:40:55,699 - INFO - Найдена кнопка подписки - кликаем
2024-03-02 11:40:57,740 - INFO - Ожидание загрузки страницы 5 секунд
2024-03-02 11:41:02,744 - INFO - Ищем кнопку отписки
2024-03-02 11:41:02,773 - INFO - Найдена кнопка отписки - кликаем
2024-03-02 11:41:04,842 - INFO - Ожидание загрузки страницы 5 секунд
2024-03-02 11:41:09,854 - INFO - Элемент удален
2024-03-02 11:41:09,854 - INFO - Ожидание загрузки страницы 2 секунд
2024-03-02 11:41:11,857 - INFO - Ищем кнопку подписки
2024-03-02 11:41:11,862 - INFO - Найдена кнопка подписки - кликаем
2024-03-02 11:41:13,910 - INFO - Ожидание загрузки страницы 5 секунд
2024-03-02 11:41:18,916 - INFO - Ищем кнопку отписки
2024-03-02 11:41:18,930 - INFO - Найдена кнопка отписки - кликаем
2024-03-02 11:41:20,960 - INFO - Ожидание загрузки страницы 5 секунд
2024-03-02 11:41:25,975 - INFO - Элемент удален
2024-03-02 11:41:25,976 - INFO - Ожидание загрузки страницы 2 секунд
2024-03-02 11:41:27,978 - INFO - Ищем кнопку подписки
2024-03-02 11:41:27,984 - INFO - Найдена кнопка подписки - кликаем
2024-03-02 11:41:30,093 - INFO - Ожидание загрузки страницы 5 секунд
2024-03-02 11:41:35,098 - INFO - Ищем кнопку отписки
2024-03-02 11:41:35,106 - INFO - Найдена кнопка отписки - кликаем
2024-03-02 11:41:37,150 - INFO - Ожидание загрузки страницы 5 секунд
2024-03-02 11:41:42,167 - INFO - Элемент удален
2024-03-02 11:41:42,167 - INFO - Ожидание загрузки страницы 2 секунд
2024-03-02 11:41:44,169 - INFO - Ищем кнопку подписки
2024-03-02 11:41:44,176 - INFO - Найдена кнопка подписки - кликаем
2024-03-02 11:41:46,242 - INFO - Ожидание загрузки страницы 5 секунд
2024-03-02 11:41:51,243 - INFO - Ищем кнопку отписки
2024-03-02 11:41:51,251 - INFO - Найдена кнопка отписки - кликаем
2024-03-02 11:41:53,292 - INFO - Ожидание загрузки страницы 5 секунд
2024-03-02 11:41:58,305 - INFO - Элемент удален
2024-03-02 11:41:58,305 - INFO - Ожидание загрузки страницы 2 секунд
2024-03-02 11:42:00,310 - INFO - Ищем кнопку подписки
2024-03-02 11:42:00,315 - INFO - Найдена кнопка подписки - кликаем
2024-03-02 11:42:02,350 - INFO - Ожидание загрузки страницы 5 секунд
2024-03-02 11:42:07,352 - INFO - Ищем кнопку отписки
2024-03-02 11:42:07,362 - INFO - Найдена кнопка отписки - кликаем
2024-03-02 11:42:09,397 - INFO - Ожидание загрузки страницы 5 секунд
2024-03-02 11:42:14,404 - INFO - Элемент удален
2024-03-02 11:42:14,405 - INFO - Ожидание загрузки страницы 2 секунд
2024-03-02 11:42:16,409 - INFO - Ищем кнопку подписки
2024-03-02 11:42:16,414 - INFO - Найдена кнопка подписки - кликаем
2024-03-02 11:42:18,479 - INFO - Ожидание загрузки страницы 5 секунд
2024-03-02 11:42:23,481 - INFO - Ищем кнопку отписки
2024-03-02 11:42:23,492 - INFO - Найдена кнопка отписки - кликаем
2024-03-02 11:42:25,547 - INFO - Ожидание загрузки страницы 5 секунд
2024-03-02 11:42:30,558 - INFO - Элемент удален
2024-03-02 11:42:30,559 - INFO - Ожидание загрузки страницы 2 секунд
2024-03-02 11:42:32,563 - INFO - Ищем кнопку подписки
2024-03-02 11:42:32,568 - INFO - Найдена кнопка подписки - кликаем
2024-03-02 11:42:34,631 - INFO - Ожидание загрузки страницы 5 секунд
2024-03-02 11:42:39,636 - INFO - Ищем кнопку отписки
2024-03-02 11:42:39,646 - INFO - Найдена кнопка отписки - кликаем
2024-03-02 11:42:41,704 - INFO - Ожидание загрузки страницы 5 секунд
2024-03-02 11:42:46,719 - INFO - Элемент удален
2024-03-02 11:42:46,719 - INFO - Ожидание загрузки страницы 2 секунд
2024-03-02 11:43:19,043 - INFO - Завершение работы скрипта
2024-03-02 11:45:54,733 - INFO - Драйвер запущен
2024-03-02 11:46:01,638 - INFO - Открыта страница входа в Instagram
2024-03-02 11:46:01,638 - INFO - Ожидание загрузки страницы 5 секунд
2024-03-02 11:46:06,640 - INFO - Начало работы скрипта
2024-03-02 11:46:06,752 - INFO - Введен логин
2024-03-02 11:46:06,787 - INFO - Введен пароль
2024-03-02 11:46:06,822 - INFO - Нажата кнопка входа
2024-03-02 11:46:06,822 - INFO - Ожидание загрузки страницы 5 секунд
2024-03-02 11:46:11,827 - INFO - Страница загружена
2024-03-02 11:46:11,828 - INFO - Открытие профиля
2024-03-02 11:46:19,199 - INFO - Ожидание загрузки страницы 5 секунд
2024-03-02 11:46:24,233 - INFO - Найдена кнопка подписчиков
2024-03-02 11:46:24,346 - INFO - Ожидание загрузки страницы 5 секунд
2024-03-02 11:46:29,351 - INFO - Запускаем цикл по отписке
2024-03-02 11:46:29,352 - INFO - Ищем кнопку подписки
2024-03-02 11:46:29,376 - INFO - Найдена кнопка подписки - кликаем
2024-03-02 11:46:31,490 - INFO - Ожидание загрузки страницы 5 секунд
2024-03-02 11:46:36,495 - INFO - Ищем кнопку отписки
2024-03-02 11:46:36,504 - INFO - Найдена кнопка отписки - кликаем
2024-03-02 11:46:38,559 - INFO - Ожидание загрузки страницы 5 секунд
2024-03-02 11:46:43,610 - INFO - Элемент удален
2024-03-02 11:46:43,615 - INFO - Ожидание загрузки страницы 2 секунд
2024-03-02 11:46:45,624 - INFO - Ищем кнопку подписки
2024-03-02 11:46:45,664 - INFO - Найдена кнопка подписки - кликаем
2024-03-02 11:46:47,742 - INFO - Ожидание загрузки страницы 5 секунд
2024-03-02 11:46:52,750 - INFO - Ищем кнопку отписки
2024-03-02 11:46:52,806 - INFO - Найдена кнопка отписки - кликаем
2024-03-02 11:46:54,922 - INFO - Ожидание загрузки страницы 5 секунд
2024-03-02 11:46:59,929 - INFO - Элемент удален
2024-03-02 11:46:59,930 - INFO - Ожидание загрузки страницы 2 секунд
2024-03-02 11:47:01,935 - INFO - Ищем кнопку подписки
2024-03-02 11:47:01,942 - INFO - Найдена кнопка подписки - кликаем
2024-03-02 11:47:35,225 - INFO - Завершение работы скрипта
2024-03-02 11:47:54,065 - INFO - Драйвер запущен
2024-03-02 11:47:59,006 - INFO - Открыта страница входа в Instagram
2024-03-02 11:47:59,007 - INFO - Ожидание загрузки страницы 5 секунд
2024-03-02 11:48:04,012 - INFO - Начало работы скрипта
2024-03-02 11:48:04,129 - INFO - Введен логин
2024-03-02 11:48:04,166 - INFO - Введен пароль
2024-03-02 11:48:04,186 - INFO - Нажата кнопка входа
2024-03-02 11:48:04,186 - INFO - Ожидание загрузки страницы 5 секунд
2024-03-02 11:48:09,194 - INFO - Страница загружена
2024-03-02 11:48:09,197 - INFO - Открытие профиля
2024-03-02 11:48:14,277 - INFO - Ожидание загрузки страницы 5 секунд
2024-03-02 11:48:19,313 - INFO - Найдена кнопка подписчиков
2024-03-02 11:48:19,363 - INFO - Ожидание загрузки страницы 5 секунд
2024-03-02 11:48:24,365 - INFO - Запускаем цикл по отписке
2024-03-02 11:48:24,366 - INFO - Ищем кнопку подписки
2024-03-02 11:48:24,375 - INFO - Найдена кнопка подписки - кликаем
2024-03-02 11:48:26,489 - INFO - Ожидание загрузки страницы 5 секунд
2024-03-02 11:48:31,491 - INFO - Ищем кнопку отписки
2024-03-02 11:48:31,504 - INFO - Найдена кнопка отписки - кликаем
2024-03-02 11:48:33,543 - INFO - Ожидание загрузки страницы 5 секунд
2024-03-02 11:48:38,552 - INFO - Элемент удален
2024-03-02 11:48:38,553 - INFO - Ожидание загрузки страницы 2 секунд
2024-03-02 11:48:40,558 - INFO - Ищем кнопку подписки
2024-03-02 11:48:40,563 - INFO - Найдена кнопка подписки - кликаем
2024-03-02 11:48:42,602 - INFO - Ожидание загрузки страницы 5 секунд
2024-03-02 11:48:47,604 - INFO - Ищем кнопку отписки
2024-03-02 11:48:47,613 - INFO - Найдена кнопка отписки - кликаем
2024-03-02 11:48:49,662 - INFO - Ожидание загрузки страницы 5 секунд
2024-03-02 11:48:54,671 - INFO - Элемент удален
2024-03-02 11:48:54,672 - INFO - Ожидание загрузки страницы 2 секунд
2024-03-02 11:48:56,675 - INFO - Ищем кнопку подписки
2024-03-02 11:48:56,705 - INFO - Найдена кнопка подписки - кликаем
2024-03-02 11:48:58,757 - INFO - Ожидание загрузки страницы 5 секунд
2024-03-02 11:49:03,762 - INFO - Ищем кнопку отписки
2024-03-02 11:49:03,771 - INFO - Найдена кнопка отписки - кликаем
2024-03-02 11:49:05,848 - INFO - Ожидание загрузки страницы 5 секунд
2024-03-02 11:49:10,860 - INFO - Элемент удален
2024-03-02 11:49:10,860 - INFO - Ожидание загрузки страницы 2 секунд
2024-03-02 11:49:12,865 - INFO - Ищем кнопку подписки
2024-03-02 11:49:12,873 - INFO - Найдена кнопка подписки - кликаем
2024-03-02 11:49:14,906 - INFO - Ожидание загрузки страницы 5 секунд
2024-03-02 11:49:19,911 - INFO - Ищем кнопку отписки
2024-03-02 11:49:19,919 - INFO - Найдена кнопка отписки - кликаем
2024-03-02 11:49:22,039 - INFO - Ожидание загрузки страницы 5 секунд
2024-03-02 11:49:27,055 - INFO - Элемент удален
2024-03-02 11:49:27,055 - INFO - Ожидание загрузки страницы 2 секунд
2024-03-02 11:49:29,058 - INFO - Ищем кнопку подписки
2024-03-02 11:49:29,089 - INFO - Найдена кнопка подписки - кликаем
2024-03-02 11:49:31,241 - INFO - Ожидание загрузки страницы 5 секунд
2024-03-02 11:49:36,244 - INFO - Ищем кнопку отписки
2024-03-02 11:49:36,259 - INFO - Найдена кнопка отписки - кликаем
2024-03-02 11:49:38,326 - INFO - Ожидание загрузки страницы 5 секунд
2024-03-02 11:49:43,335 - INFO - Элемент удален
2024-03-02 11:49:43,335 - INFO - Ожидание загрузки страницы 2 секунд
2024-03-02 11:49:45,338 - INFO - Ищем кнопку подписки
2024-03-02 11:49:45,367 - INFO - Найдена кнопка подписки - кликаем
2024-03-02 11:49:47,416 - INFO - Ожидание загрузки страницы 5 секунд
2024-03-02 11:49:52,421 - INFO - Ищем кнопку отписки
2024-03-02 11:49:52,447 - INFO - Найдена кнопка отписки - кликаем
2024-03-02 11:49:54,630 - INFO - Ожидание загрузки страницы 5 секунд
2024-03-02 11:49:59,638 - INFO - Элемент удален
2024-03-02 11:49:59,639 - INFO - Ожидание загрузки страницы 2 секунд
2024-03-02 11:50:01,640 - INFO - Ищем кнопку подписки
2024-03-02 11:50:01,647 - INFO - Найдена кнопка подписки - кликаем
2024-03-02 11:50:03,850 - INFO - Ожидание загрузки страницы 5 секунд
2024-03-02 11:50:08,852 - INFO - Ищем кнопку отписки
2024-03-02 11:50:08,861 - INFO - Найдена кнопка отписки - кликаем
2024-03-02 11:50:10,901 - INFO - Ожидание загрузки страницы 5 секунд
2024-03-02 11:50:15,951 - INFO - Элемент удален
2024-03-02 11:50:15,952 - INFO - Ожидание загрузки страницы 2 секунд
2024-03-02 11:50:17,960 - INFO - Ищем кнопку подписки
2024-03-02 11:50:17,999 - INFO - Найдена кнопка подписки - кликаем
2024-03-02 11:50:20,029 - INFO - Ожидание загрузки страницы 5 секунд
2024-03-02 11:50:33,385 - INFO - Драйвер запущен
2024-03-02 11:50:40,094 - INFO - Открыта страница входа в Instagram
2024-03-02 11:50:40,094 - INFO - Ожидание загрузки страницы 5 секунд
2024-03-02 11:50:45,099 - INFO - Начало работы скрипта
2024-03-02 11:50:45,243 - INFO - Введен логин
2024-03-02 11:50:45,302 - INFO - Введен пароль
2024-03-02 11:50:45,323 - INFO - Нажата кнопка входа
2024-03-02 11:50:45,323 - INFO - Ожидание загрузки страницы 5 секунд
2024-03-02 11:50:50,329 - INFO - Страница загружена
2024-03-02 11:50:50,330 - INFO - Открытие профиля
2024-03-02 11:50:51,212 - INFO - Ожидание загрузки страницы 5 секунд
2024-03-02 11:50:56,240 - INFO - Найдена кнопка подписчиков
2024-03-02 11:50:56,293 - INFO - Ожидание загрузки страницы 5 секунд
2024-03-02 11:51:01,297 - INFO - Запускаем цикл по отписке
2024-03-02 11:51:01,302 - INFO - Ищем кнопку подписки
2024-03-02 11:51:01,331 - INFO - Найдена кнопка подписки - кликаем
2024-03-02 11:51:03,484 - INFO - Ожидание загрузки страницы 5 секунд
2024-03-02 11:51:08,490 - INFO - Ищем кнопку отписки
2024-03-02 11:51:08,512 - INFO - Найдена кнопка отписки - кликаем
2024-03-02 11:51:10,563 - INFO - Ожидание загрузки страницы 5 секунд
2024-03-02 11:51:15,576 - INFO - Элемент удален
2024-03-02 11:51:15,577 - INFO - Ожидание загрузки страницы 2 секунд
2024-03-02 11:51:17,580 - INFO - Ищем кнопку подписки
2024-03-02 11:51:17,588 - INFO - Найдена кнопка подписки - кликаем
2024-03-02 11:51:19,656 - INFO - Ожидание загрузки страницы 5 секунд
2024-03-02 11:51:24,660 - INFO - Ищем кнопку отписки
2024-03-02 11:51:24,666 - INFO - Найдена кнопка отписки - кликаем
2024-03-02 11:51:26,719 - INFO - Ожидание загрузки страницы 5 секунд
2024-03-02 11:51:31,728 - INFO - Элемент удален
2024-03-02 11:51:31,728 - INFO - Ожидание загрузки страницы 2 секунд
2024-03-02 11:51:33,733 - INFO - Ищем кнопку подписки
2024-03-02 11:51:33,738 - INFO - Найдена кнопка подписки - кликаем
2024-03-02 11:51:35,773 - INFO - Ожидание загрузки страницы 5 секунд
2024-03-02 11:51:40,776 - INFO - Ищем кнопку отписки
2024-03-02 11:51:40,783 - INFO - Найдена кнопка отписки - кликаем
2024-03-02 11:51:42,832 - INFO - Ожидание загрузки страницы 5 секунд
2024-03-02 11:51:47,886 - INFO - Элемент удален
2024-03-02 11:51:47,886 - INFO - Ожидание загрузки страницы 2 секунд
2024-03-02 11:51:49,892 - INFO - Ищем кнопку подписки
2024-03-02 11:51:49,918 - INFO - Найдена кнопка подписки - кликаем
2024-03-02 11:51:52,069 - INFO - Ожидание загрузки страницы 5 секунд
2024-03-02 11:51:57,073 - INFO - Ищем кнопку отписки
2024-03-02 11:51:57,091 - INFO - Найдена кнопка отписки - кликаем
2024-03-02 11:51:59,236 - INFO - Ожидание загрузки страницы 5 секунд
2024-03-02 11:52:04,253 - INFO - Элемент удален
2024-03-02 11:52:04,253 - INFO - Ожидание загрузки страницы 2 секунд
2024-03-02 11:52:06,259 - INFO - Ищем кнопку подписки
2024-03-02 11:52:06,269 - INFO - Найдена кнопка подписки - кликаем
2024-03-02 11:52:08,364 - INFO - Ожидание загрузки страницы 5 секунд
2024-03-02 11:52:13,372 - INFO - Ищем кнопку отписки
2024-03-02 11:52:13,389 - INFO - Найдена кнопка отписки - кликаем
2024-03-02 11:52:15,421 - INFO - Ожидание загрузки страницы 5 секунд
2024-03-02 11:52:20,448 - INFO - Элемент удален
2024-03-02 11:52:20,449 - INFO - Ожидание загрузки страницы 2 секунд
2024-03-02 11:52:22,453 - INFO - Ищем кнопку подписки
2024-03-02 11:52:22,473 - INFO - Найдена кнопка подписки - кликаем
2024-03-02 11:52:24,529 - INFO - Ожидание загрузки страницы 5 секунд
2024-03-02 11:52:29,536 - INFO - Ищем кнопку отписки
2024-03-02 11:52:29,557 - INFO - Найдена кнопка отписки - кликаем
2024-03-02 11:52:31,730 - INFO - Ожидание загрузки страницы 5 секунд
2024-03-02 11:52:36,746 - INFO - Элемент удален
2024-03-02 11:52:36,746 - INFO - Ожидание загрузки страницы 2 секунд
2024-03-02 11:52:38,747 - INFO - Ищем кнопку подписки
2024-03-02 11:52:38,760 - INFO - Найдена кнопка подписки - кликаем
2024-03-02 11:52:40,887 - INFO - Ожидание загрузки страницы 5 секунд
2024-03-02 11:52:45,895 - INFO - Ищем кнопку отписки
2024-03-02 11:52:45,904 - INFO - Найдена кнопка отписки - кликаем
2024-03-02 11:52:47,957 - INFO - Ожидание загрузки страницы 5 секунд
2024-03-02 11:52:52,972 - INFO - Элемент удален
2024-03-02 11:52:52,972 - INFO - Ожидание загрузки страницы 2 секунд
2024-03-02 11:52:54,977 - INFO - Ищем кнопку подписки
2024-03-02 11:52:54,983 - INFO - Найдена кнопка подписки - кликаем
2024-03-02 11:52:57,110 - INFO - Ожидание загрузки страницы 5 секунд
2024-03-02 11:53:34,183 - INFO - Драйвер запущен
2024-03-02 11:53:39,453 - INFO - Открыта страница входа в Instagram
2024-03-02 11:53:39,455 - INFO - Ожидание загрузки страницы 5 секунд
2024-03-02 11:53:44,459 - INFO - Начало работы скрипта
2024-03-02 11:53:44,609 - INFO - Введен логин
2024-03-02 11:53:44,648 - INFO - Введен пароль
2024-03-02 11:53:44,677 - INFO - Нажата кнопка входа
2024-03-02 11:53:44,677 - INFO - Ожидание загрузки страницы 5 секунд
2024-03-02 11:53:49,681 - INFO - Страница загружена
2024-03-02 11:53:49,682 - INFO - Открытие профиля
2024-03-02 11:53:49,920 - INFO - Ожидание загрузки страницы 5 секунд
2024-03-02 11:53:54,945 - INFO - Найдена кнопка подписчиков
2024-03-02 11:53:54,991 - INFO - Ожидание загрузки страницы 5 секунд
2024-03-02 11:54:00,002 - INFO - Найдена кнопка закрытия окна подписчиков
2024-03-02 11:54:00,056 - INFO - Клик по кнопке закрытия окна подписчиков
2024-03-02 11:54:00,056 - INFO - Ожидание загрузки страницы 5 секунд
2024-03-02 11:54:34,876 - WARNING - Retrying (Retry(total=2, connect=None, read=None, redirect=None, status=None)) after connection broken by 'NewConnectionError('<urllib3.connection.HTTPConnection object at 0x1023f2a90>: Failed to establish a new connection: [Errno 61] Connection refused')': /session/f67f5e98b467f7342892b78ed23a151e
2024-03-02 11:54:34,878 - WARNING - Retrying (Retry(total=1, connect=None, read=None, redirect=None, status=None)) after connection broken by 'NewConnectionError('<urllib3.connection.HTTPConnection object at 0x102418bd0>: Failed to establish a new connection: [Errno 61] Connection refused')': /session/f67f5e98b467f7342892b78ed23a151e
2024-03-02 11:54:34,879 - WARNING - Retrying (Retry(total=0, connect=None, read=None, redirect=None, status=None)) after connection broken by 'NewConnectionError('<urllib3.connection.HTTPConnection object at 0x102419590>: Failed to establish a new connection: [Errno 61] Connection refused')': /session/f67f5e98b467f7342892b78ed23a151e
2024-03-02 11:54:34,885 - INFO - Завершение работы скрипта
2024-03-02 11:55:09,874 - INFO - Драйвер запущен
2024-03-02 11:55:20,934 - INFO - Открыта страница входа в Instagram
2024-03-02 11:55:20,934 - INFO - Ожидание загрузки страницы 5 секунд
2024-03-02 11:55:25,938 - INFO - Начало работы скрипта
2024-03-02 11:55:26,059 - INFO - Введен логин
2024-03-02 11:55:26,119 - INFO - Введен пароль
2024-03-02 11:55:26,140 - INFO - Нажата кнопка входа
2024-03-02 11:55:26,140 - INFO - Ожидание загрузки страницы 5 секунд
2024-03-02 11:55:31,161 - INFO - Страница загружена
2024-03-02 11:55:31,180 - INFO - Открытие профиля
2024-03-02 11:55:34,848 - INFO - Ожидание загрузки страницы 5 секунд
2024-03-02 11:55:39,871 - INFO - Найдена кнопка подписчиков
2024-03-02 11:55:39,916 - INFO - Ожидание загрузки страницы 5 секунд
2024-03-02 11:55:44,919 - INFO - Запускаем цикл по отписке
2024-03-02 11:55:44,919 - INFO - Ищем кнопку подписки
2024-03-02 11:55:44,926 - INFO - Найдена кнопка подписки - кликаем
2024-03-02 11:55:46,961 - INFO - Ожидание загрузки страницы 5 секунд
2024-03-02 11:55:51,962 - INFO - Ищем кнопку отписки
2024-03-02 11:55:51,970 - INFO - Найдена кнопка отписки - кликаем
2024-03-02 11:55:54,025 - INFO - Ожидание загрузки страницы 5 секунд
2024-03-02 11:55:59,032 - INFO - Элемент удален
2024-03-02 11:55:59,032 - INFO - Ожидание загрузки страницы 2 секунд
2024-03-02 11:56:01,037 - INFO - Ищем кнопку подписки
2024-03-02 11:56:01,063 - INFO - Найдена кнопка подписки - кликаем
2024-03-02 11:56:03,096 - INFO - Ожидание загрузки страницы 5 секунд
2024-03-02 11:56:08,101 - INFO - Ищем кнопку отписки
2024-03-02 11:56:08,110 - INFO - Найдена кнопка отписки - кликаем
2024-03-02 11:56:10,135 - INFO - Ожидание загрузки страницы 5 секунд
2024-03-02 11:56:15,142 - INFO - Элемент удален
2024-03-02 11:56:15,142 - INFO - Ожидание загрузки страницы 2 секунд
2024-03-02 11:56:17,159 - INFO - Найдена кнопка закрытия окна подписчиков
2024-03-02 11:56:17,253 - INFO - Клик по кнопке закрытия окна подписчиков
2024-03-02 11:56:17,265 - INFO - Ожидание загрузки страницы 5 секунд
2024-03-02 11:56:22,296 - INFO - Найдена кнопка подписчиков
2024-03-02 11:56:22,358 - INFO - Ожидание загрузки страницы 5 секунд
2024-03-02 11:56:27,364 - INFO - Запускаем цикл по отписке
2024-03-02 11:56:27,366 - INFO - Ищем кнопку подписки
2024-03-02 11:56:27,375 - INFO - Найдена кнопка подписки - кликаем
2024-03-02 11:56:29,416 - INFO - Ожидание загрузки страницы 5 секунд
2024-03-02 11:56:34,419 - INFO - Ищем кнопку отписки
2024-03-02 11:56:34,428 - INFO - Найдена кнопка отписки - кликаем
2024-03-02 11:56:36,460 - INFO - Ожидание загрузки страницы 5 секунд
2024-03-02 11:56:41,506 - INFO - Элемент удален
2024-03-02 11:56:41,506 - INFO - Ожидание загрузки страницы 2 секунд
2024-03-02 11:56:43,511 - INFO - Ищем кнопку подписки
2024-03-02 11:56:43,517 - INFO - Найдена кнопка подписки - кликаем
2024-03-02 11:56:45,579 - INFO - Ожидание загрузки страницы 5 секунд
2024-03-02 11:56:50,582 - INFO - Ищем кнопку отписки
2024-03-02 11:56:50,602 - INFO - Найдена кнопка отписки - кликаем
2024-03-02 11:56:52,668 - INFO - Ожидание загрузки страницы 5 секунд
2024-03-02 11:56:57,679 - INFO - Элемент удален
2024-03-02 11:56:57,683 - INFO - Ожидание загрузки страницы 2 секунд
2024-03-02 11:56:59,693 - INFO - Найдена кнопка закрытия окна подписчиков
2024-03-02 11:56:59,752 - INFO - Клик по кнопке закрытия окна подписчиков
2024-03-02 11:56:59,752 - INFO - Ожидание загрузки страницы 5 секунд
2024-03-03 13:22:58,884 - INFO - Драйвер запущен
2024-03-03 13:23:00,877 - INFO - Открыта страница входа в Instagram
2024-03-03 13:23:00,877 - INFO - Ожидание загрузки страницы 5 секунд
2024-03-03 13:23:05,880 - INFO - Начало работы скрипта
2024-03-03 13:23:06,005 - INFO - Введен логин
2024-03-03 13:23:31,116 - INFO - Драйвер запущен
2024-03-03 13:23:33,268 - INFO - Открыта страница входа в Instagram
2024-03-03 13:23:33,268 - INFO - Ожидание загрузки страницы 5 секунд
2024-03-03 13:23:38,273 - INFO - Начало работы скрипта
2024-03-03 13:23:38,396 - INFO - Введен логин
2024-03-03 13:24:08,470 - INFO - Завершение работы скрипта
2024-03-03 13:33:09,356 - INFO - Драйвер запущен
2024-03-03 13:33:12,396 - INFO - Открыта страница входа в Instagram
2024-03-03 13:33:12,396 - INFO - Ожидание загрузки страницы 5 секунд
2024-03-03 13:33:17,399 - INFO - Начало работы скрипта
2024-03-03 13:33:17,516 - INFO - Введен логин
2024-03-03 13:33:47,645 - INFO - Завершение работы скрипта
2024-03-03 13:41:05,823 - INFO - Драйвер запущен
2024-03-03 13:41:07,937 - INFO - Открыта страница входа в Instagram
2024-03-03 13:41:07,938 - INFO - Ожидание загрузки страницы 5 секунд
2024-03-03 13:41:12,943 - INFO - Начало работы скрипта
2024-03-03 13:41:13,062 - INFO - Введен логин
2024-03-03 13:41:43,135 - INFO - Завершение работы скрипта
2024-03-03 13:54:00,121 - INFO - Драйвер запущен
2024-03-03 13:54:01,964 - INFO - Открыта страница входа в Instagram
2024-03-03 13:54:01,964 - INFO - Ожидание загрузки страницы 5 секунд
2024-03-03 13:54:06,969 - INFO - Начало работы скрипта
2024-03-03 13:54:07,091 - INFO - Введен логин
2024-03-03 13:54:07,197 - INFO - Введен пароль
2024-03-03 13:54:07,257 - INFO - Нажата кнопка входа
2024-03-03 13:54:07,257 - INFO - Ожидание загрузки страницы 5 секунд
2024-03-03 13:54:12,258 - INFO - Страница загружена
2024-03-03 13:54:12,259 - INFO - Открытие профиля
2024-03-03 13:54:42,329 - INFO - Завершение работы скрипта
2024-03-03 13:56:28,449 - INFO - Драйвер запущен
2024-03-03 13:56:30,763 - INFO - Открыта страница входа в Instagram
2024-03-03 13:56:30,763 - INFO - Ожидание загрузки страницы 5 секунд
2024-03-03 13:56:35,767 - INFO - Начало работы скрипта
2024-03-03 13:56:35,883 - INFO - Введен логин
2024-03-03 13:56:35,999 - INFO - Введен пароль
2024-03-03 13:56:36,063 - INFO - Нажата кнопка входа
2024-03-03 13:56:36,063 - INFO - Ожидание загрузки страницы 5 секунд
2024-03-03 13:56:41,067 - INFO - Страница загружена
2024-03-03 13:56:41,067 - INFO - Открытие профиля
2024-03-03 13:56:47,594 - INFO - Ожидание загрузки страницы 5 секунд
2024-03-03 13:57:22,975 - INFO - Завершение работы скрипта
2024-03-03 13:59:29,158 - INFO - Драйвер запущен
2024-03-03 13:59:31,362 - INFO - Открыта страница входа в Instagram
2024-03-03 13:59:31,362 - INFO - Ожидание загрузки страницы 5 секунд
2024-03-03 13:59:36,367 - INFO - Начало работы скрипта
2024-03-03 13:59:36,512 - INFO - Введен логин
2024-03-03 13:59:36,631 - INFO - Введен пароль
2024-03-03 13:59:36,674 - INFO - Нажата кнопка входа
2024-03-03 13:59:36,674 - INFO - Ожидание загрузки страницы 5 секунд
2024-03-03 13:59:41,678 - INFO - Страница загружена
2024-03-03 13:59:41,679 - INFO - Открытие профиля
2024-03-03 13:59:45,428 - INFO - Ожидание загрузки страницы 5 секунд
2024-03-03 13:59:50,483 - INFO - Найдена кнопка подписчиков
2024-03-03 13:59:50,577 - INFO - Ожидание загрузки страницы 5 секунд
2024-03-03 13:59:55,577 - INFO - Запускаем цикл по отписке
2024-03-03 13:59:55,578 - INFO - Ищем кнопку подписки
2024-03-03 13:59:55,595 - INFO - Найдена кнопка подписки - кликаем
2024-03-03 13:59:57,675 - INFO - Ожидание загрузки страницы 5 секунд
2024-03-03 14:00:02,679 - INFO - Ищем кнопку отписки
2024-03-03 14:00:02,696 - INFO - Найдена кнопка отписки - кликаем
2024-03-03 14:00:04,760 - INFO - Ожидание загрузки страницы 5 секунд
2024-03-03 14:00:09,778 - INFO - Элемент удален
2024-03-03 14:00:09,779 - INFO - Ожидание загрузки страницы 2 секунд
2024-03-03 14:00:11,781 - INFO - Ищем кнопку подписки
2024-03-03 14:00:11,794 - INFO - Найдена кнопка подписки - кликаем
2024-03-03 14:00:13,872 - INFO - Ожидание загрузки страницы 5 секунд
2024-03-03 14:00:18,874 - INFO - Ищем кнопку отписки
2024-03-03 14:00:18,887 - INFO - Найдена кнопка отписки - кликаем
2024-03-03 14:00:20,941 - INFO - Ожидание загрузки страницы 5 секунд
2024-03-03 14:00:25,955 - INFO - Элемент удален
2024-03-03 14:00:25,955 - INFO - Ожидание загрузки страницы 2 секунд
2024-03-03 14:00:27,977 - INFO - Найдена кнопка закрытия окна подписчиков
2024-03-03 14:00:28,058 - INFO - Клик по кнопке закрытия окна подписчиков
2024-03-03 14:00:28,058 - INFO - Ожидание загрузки страницы 5 секунд
2024-03-03 14:00:33,106 - INFO - Найдена кнопка подписчиков
2024-03-03 14:00:33,173 - INFO - Ожидание загрузки страницы 5 секунд
2024-03-03 14:00:38,178 - INFO - Запускаем цикл по отписке
2024-03-03 14:00:38,178 - INFO - Ищем кнопку подписки
2024-03-03 14:00:38,192 - INFO - Найдена кнопка подписки - кликаем
2024-03-03 14:00:40,249 - INFO - Ожидание загрузки страницы 5 секунд
2024-03-03 14:00:45,253 - INFO - Ищем кнопку отписки
2024-03-03 14:00:45,268 - INFO - Найдена кнопка отписки - кликаем
2024-03-03 14:00:47,323 - INFO - Ожидание загрузки страницы 5 секунд
2024-03-03 14:00:52,337 - INFO - Элемент удален
2024-03-03 14:00:52,337 - INFO - Ожидание загрузки страницы 2 секунд
2024-03-03 14:00:54,339 - INFO - Ищем кнопку подписки
2024-03-03 14:00:54,353 - INFO - Найдена кнопка подписки - кликаем
2024-03-03 14:00:56,431 - INFO - Ожидание загрузки страницы 5 секунд
2024-03-03 14:01:01,436 - INFO - Ищем кнопку отписки
2024-03-03 14:01:01,448 - INFO - Найдена кнопка отписки - кликаем
2024-03-03 14:01:03,505 - INFO - Ожидание загрузки страницы 5 секунд
2024-03-03 14:01:08,519 - INFO - Элемент удален
2024-03-03 14:01:08,520 - INFO - Ожидание загрузки страницы 2 секунд
2024-03-03 14:01:10,536 - INFO - Найдена кнопка закрытия окна подписчиков
2024-03-03 14:01:10,608 - INFO - Клик по кнопке закрытия окна подписчиков
2024-03-03 14:01:10,608 - INFO - Ожидание загрузки страницы 5 секунд
2024-03-03 14:01:45,761 - INFO - Завершение работы скрипта
2024-03-03 14:03:16,536 - INFO - Драйвер запущен
2024-03-03 14:03:35,055 - INFO - Открыта страница входа в Instagram
2024-03-03 14:03:35,056 - INFO - Ожидание загрузки страницы 5 секунд
2024-03-03 14:03:40,061 - INFO - Начало работы скрипта
2024-03-03 14:03:42,642 - INFO - Драйвер запущен
2024-03-03 14:05:15,509 - INFO - Открыта страница входа в Instagram
2024-03-03 14:05:15,509 - INFO - Ожидание загрузки страницы 5 секунд
2024-03-03 14:05:20,512 - INFO - Начало работы скрипта
2024-03-03 14:05:28,605 - INFO - Драйвер запущен
2024-03-03 14:05:30,873 - INFO - Открыта страница входа в Instagram
2024-03-03 14:05:30,873 - INFO - Ожидание загрузки страницы 5 секунд
2024-03-03 14:05:35,879 - INFO - Начало работы скрипта
2024-03-03 14:05:36,006 - INFO - Введен логин
2024-03-03 14:05:36,095 - INFO - Введен пароль
2024-03-03 14:05:36,156 - INFO - Нажата кнопка входа
2024-03-03 14:05:36,157 - INFO - Ожидание загрузки страницы 5 секунд
2024-03-03 14:05:41,158 - INFO - Страница загружена
2024-03-03 14:05:41,159 - INFO - Открытие профиля
2024-03-03 14:05:45,289 - INFO - Ожидание загрузки страницы 5 секунд
2024-03-03 14:05:50,346 - INFO - Найдена кнопка подписчиков
2024-03-03 14:05:50,428 - INFO - Ожидание загрузки страницы 5 секунд
2024-03-03 14:05:55,434 - INFO - Запускаем цикл по отписке
2024-03-03 14:05:55,434 - INFO - Ищем кнопку подписки
2024-03-03 14:05:55,450 - INFO - Найдена кнопка подписки - кликаем
2024-03-03 14:05:57,518 - INFO - Ожидание загрузки страницы 5 секунд
2024-03-03 14:06:02,523 - INFO - Ищем кнопку отписки
2024-03-03 14:06:02,538 - INFO - Найдена кнопка отписки - кликаем
2024-03-03 14:06:04,598 - INFO - Ожидание загрузки страницы 5 секунд
2024-03-03 14:06:09,613 - INFO - Элемент удален
2024-03-03 14:06:09,613 - INFO - Ожидание загрузки страницы 2 секунд
2024-03-03 14:06:11,615 - INFO - Ищем кнопку подписки
2024-03-03 14:06:11,629 - INFO - Найдена кнопка подписки - кликаем
2024-03-03 14:06:13,684 - INFO - Ожидание загрузки страницы 5 секунд
2024-03-03 14:06:18,684 - INFO - Ищем кнопку отписки
2024-03-03 14:06:18,696 - INFO - Найдена кнопка отписки - кликаем
2024-03-03 14:06:20,747 - INFO - Ожидание загрузки страницы 5 секунд
2024-03-03 14:06:25,759 - INFO - Элемент удален
2024-03-03 14:06:25,759 - INFO - Ожидание загрузки страницы 2 секунд
2024-03-03 14:06:57,847 - INFO - Завершение работы скрипта
2024-03-03 14:08:11,197 - INFO - Драйвер запущен
2024-03-03 14:08:14,746 - INFO - Открыта страница входа в Instagram
2024-03-03 14:08:14,746 - INFO - Ожидание загрузки страницы 5 секунд
2024-03-03 14:08:19,751 - INFO - Начало работы скрипта
2024-03-03 14:08:19,889 - INFO - Введен логин
2024-03-03 14:08:19,976 - INFO - Введен пароль
2024-03-03 14:08:20,038 - INFO - Нажата кнопка входа
2024-03-03 14:08:20,039 - INFO - Ожидание загрузки страницы 5 секунд
2024-03-03 14:08:25,043 - INFO - Страница загружена
2024-03-03 14:08:25,044 - INFO - Открытие профиля
2024-03-03 14:08:38,521 - INFO - Ожидание загрузки страницы 5 секунд
2024-03-03 14:09:05,701 - INFO - Драйвер запущен
2024-03-03 14:09:08,180 - INFO - Открыта страница входа в Instagram
2024-03-03 14:09:08,180 - INFO - Ожидание загрузки страницы 5 секунд
2024-03-03 14:09:13,184 - INFO - Начало работы скрипта
2024-03-03 14:09:13,334 - INFO - Введен логин
2024-03-03 14:09:13,446 - INFO - Введен пароль
2024-03-03 14:09:13,492 - INFO - Нажата кнопка входа
2024-03-03 14:09:13,492 - INFO - Ожидание загрузки страницы 5 секунд
2024-03-03 14:09:18,495 - INFO - Страница загружена
2024-03-03 14:09:18,496 - INFO - Открытие профиля
2024-03-03 14:09:22,231 - INFO - Ожидание загрузки страницы 5 секунд
2024-03-03 14:09:27,286 - INFO - Найдена кнопка подписчиков
2024-03-03 14:09:27,373 - INFO - Ожидание загрузки страницы 5 секунд
2024-03-03 14:09:32,379 - INFO - Запускаем цикл по отписке
2024-03-03 14:09:32,379 - INFO - Ищем кнопку подписки
2024-03-03 14:09:32,394 - INFO - Найдена кнопка подписки - кликаем
2024-03-03 14:09:34,472 - INFO - Ожидание загрузки страницы 5 секунд
2024-03-03 14:09:39,477 - INFO - Ищем кнопку отписки
2024-03-03 14:09:39,495 - INFO - Найдена кнопка отписки - кликаем
2024-03-03 14:09:41,560 - INFO - Ожидание загрузки страницы 5 секунд
2024-03-03 14:09:46,573 - INFO - Элемент удален
2024-03-03 14:09:46,573 - INFO - Ожидание загрузки страницы 2 секунд
2024-03-03 14:09:48,575 - INFO - Ищем кнопку подписки
2024-03-03 14:09:48,590 - INFO - Найдена кнопка подписки - кликаем
2024-03-03 14:09:50,668 - INFO - Ожидание загрузки страницы 5 секунд
2024-03-03 14:09:55,671 - INFO - Ищем кнопку отписки
2024-03-03 14:09:55,685 - INFO - Найдена кнопка отписки - кликаем
2024-03-03 14:09:57,745 - INFO - Ожидание загрузки страницы 5 секунд
2024-03-03 14:10:02,755 - INFO - Элемент удален
2024-03-03 14:10:02,755 - INFO - Ожидание загрузки страницы 2 секунд
2024-03-03 14:10:04,775 - INFO - Найдена кнопка закрытия окна подписчиков
2024-03-03 14:10:04,852 - INFO - Клик по кнопке закрытия окна подписчиков
2024-03-03 14:10:04,852 - INFO - Ожидание загрузки страницы 5 секунд
2024-03-03 14:10:09,903 - INFO - Найдена кнопка подписчиков
2024-03-03 14:10:09,983 - INFO - Ожидание загрузки страницы 5 секунд
2024-03-03 14:10:14,987 - INFO - Запускаем цикл по отписке
2024-03-03 14:10:14,988 - INFO - Ищем кнопку подписки
2024-03-03 14:10:15,004 - INFO - Найдена кнопка подписки - кликаем
2024-03-03 14:10:17,096 - INFO - Ожидание загрузки страницы 5 секунд
2024-03-03 14:10:22,102 - INFO - Ищем кнопку отписки
2024-03-03 14:10:22,116 - INFO - Найдена кнопка отписки - кликаем
2024-03-03 14:10:24,174 - INFO - Ожидание загрузки страницы 5 секунд
2024-03-03 14:10:29,187 - INFO - Элемент удален
2024-03-03 14:10:29,187 - INFO - Ожидание загрузки страницы 2 секунд
2024-03-03 14:10:31,188 - INFO - Ищем кнопку подписки
2024-03-03 14:10:31,200 - INFO - Найдена кнопка подписки - кликаем
2024-03-03 14:10:33,276 - INFO - Ожидание загрузки страницы 5 секунд
2024-03-03 14:10:38,279 - INFO - Ищем кнопку отписки
2024-03-03 14:10:38,292 - INFO - Найдена кнопка отписки - кликаем
2024-03-03 14:10:40,353 - INFO - Ожидание загрузки страницы 5 секунд
2024-03-03 14:10:45,367 - INFO - Элемент удален
2024-03-03 14:10:45,367 - INFO - Ожидание загрузки страницы 2 секунд
2024-03-03 14:10:47,383 - INFO - Найдена кнопка закрытия окна подписчиков
2024-03-03 14:10:47,454 - INFO - Клик по кнопке закрытия окна подписчиков
2024-03-03 14:10:47,455 - INFO - Ожидание загрузки страницы 5 секунд
2024-03-03 14:11:22,582 - INFO - Завершение работы скрипта
2024-03-03 14:12:23,702 - INFO - Драйвер запущен
2024-03-03 14:12:25,628 - INFO - Открыта страница входа в Instagram
2024-03-03 14:12:25,628 - INFO - Ожидание загрузки страницы 5 секунд
2024-03-03 14:12:30,634 - INFO - Начало работы скрипта
2024-03-03 14:12:30,778 - INFO - Введен логин
2024-03-03 14:12:30,890 - INFO - Введен пароль
2024-03-03 14:12:30,937 - INFO - Нажата кнопка входа
2024-03-03 14:12:30,937 - INFO - Ожидание загрузки страницы 5 секунд
2024-03-03 14:12:35,941 - INFO - Страница загружена
2024-03-03 14:12:35,941 - INFO - Открытие профиля
2024-03-03 14:12:38,687 - INFO - Ожидание загрузки страницы 5 секунд
2024-03-03 14:12:43,746 - INFO - Найдена кнопка подписчиков
2024-03-03 14:12:43,830 - INFO - Ожидание загрузки страницы 5 секунд
2024-03-03 14:12:48,835 - INFO - Запускаем цикл по отписке
2024-03-03 14:12:48,835 - INFO - Ищем кнопку подписки
2024-03-03 14:12:48,852 - INFO - Найдена кнопка подписки - кликаем
2024-03-03 14:12:50,926 - INFO - Ожидание загрузки страницы 5 секунд
2024-03-03 14:12:55,932 - INFO - Ищем кнопку отписки
2024-03-03 14:12:55,949 - INFO - Найдена кнопка отписки - кликаем
2024-03-03 14:12:58,010 - INFO - Ожидание загрузки страницы 5 секунд
2024-03-03 14:13:03,023 - INFO - Элемент удален
2024-03-03 14:13:03,023 - INFO - Ожидание загрузки страницы 2 секунд
2024-03-03 14:13:05,025 - INFO - Ищем кнопку подписки
2024-03-03 14:13:05,039 - INFO - Найдена кнопка подписки - кликаем
2024-03-03 14:13:07,113 - INFO - Ожидание загрузки страницы 5 секунд
2024-03-03 14:13:12,115 - INFO - Ищем кнопку отписки
2024-03-03 14:13:12,128 - INFO - Найдена кнопка отписки - кликаем
2024-03-03 14:13:14,187 - INFO - Ожидание загрузки страницы 5 секунд
2024-03-03 14:13:19,202 - INFO - Элемент удален
2024-03-03 14:13:19,202 - INFO - Ожидание загрузки страницы 2 секунд
2024-03-03 14:13:21,222 - INFO - Найдена кнопка закрытия окна подписчиков
2024-03-03 14:13:21,303 - INFO - Клик по кнопке закрытия окна подписчиков
2024-03-03 14:13:21,303 - INFO - Ожидание загрузки страницы 5 секунд
2024-03-03 14:13:26,354 - INFO - Найдена кнопка подписчиков
2024-03-03 14:13:26,424 - INFO - Ожидание загрузки страницы 5 секунд
2024-03-03 14:13:31,426 - INFO - Запускаем цикл по отписке
2024-03-03 14:13:31,427 - INFO - Ищем кнопку подписки
2024-03-03 14:13:31,439 - INFO - Найдена кнопка подписки - кликаем
2024-03-03 14:13:33,507 - INFO - Ожидание загрузки страницы 5 секунд
2024-03-03 14:13:38,511 - INFO - Ищем кнопку отписки
2024-03-03 14:13:38,565 - INFO - Найдена кнопка отписки - кликаем
2024-03-03 14:13:40,622 - INFO - Ожидание загрузки страницы 5 секунд
2024-03-03 14:13:45,635 - INFO - Элемент удален
2024-03-03 14:13:45,635 - INFO - Ожидание загрузки страницы 2 секунд
2024-03-03 14:13:47,637 - INFO - Ищем кнопку подписки
2024-03-03 14:13:47,651 - INFO - Найдена кнопка подписки - кликаем
2024-03-03 14:13:49,734 - INFO - Ожидание загрузки страницы 5 секунд
2024-03-03 14:13:54,739 - INFO - Ищем кнопку отписки
2024-03-03 14:13:54,753 - INFO - Найдена кнопка отписки - кликаем
2024-03-03 14:13:56,807 - INFO - Ожидание загрузки страницы 5 секунд
2024-03-03 14:14:01,822 - INFO - Элемент удален
2024-03-03 14:14:01,822 - INFO - Ожидание загрузки страницы 2 секунд
2024-03-03 14:14:03,839 - INFO - Найдена кнопка закрытия окна подписчиков
2024-03-03 14:14:03,920 - INFO - Клик по кнопке закрытия окна подписчиков
2024-03-03 14:14:03,920 - INFO - Ожидание загрузки страницы 5 секунд
2024-03-03 14:14:39,095 - INFO - Завершение работы скрипта
2024-03-03 14:14:47,181 - INFO - Драйвер запущен
2024-03-03 14:14:49,076 - INFO - Открыта страница входа в Instagram
2024-03-03 14:14:49,076 - INFO - Ожидание загрузки страницы 5 секунд
2024-03-03 14:14:54,081 - INFO - Начало работы скрипта
2024-03-03 14:14:54,218 - INFO - Введен логин
2024-03-03 14:14:54,335 - INFO - Введен пароль
2024-03-03 14:14:54,406 - INFO - Нажата кнопка входа
2024-03-03 14:14:54,406 - INFO - Ожидание загрузки страницы 5 секунд
2024-03-03 14:14:59,411 - INFO - Страница загружена
2024-03-03 14:14:59,411 - INFO - Открытие профиля
2024-03-03 14:15:01,952 - INFO - Ожидание загрузки страницы 5 секунд
2024-03-03 14:15:07,008 - INFO - Найдена кнопка подписчиков
2024-03-03 14:15:07,091 - INFO - Ожидание загрузки страницы 5 секунд
2024-03-03 14:15:12,095 - INFO - Запускаем цикл по отписке
2024-03-03 14:15:12,095 - INFO - Ищем кнопку подписки
2024-03-03 14:15:12,112 - INFO - Найдена кнопка подписки - кликаем
2024-03-03 14:15:14,198 - INFO - Ожидание загрузки страницы 5 секунд
2024-03-03 14:15:19,203 - INFO - Ищем кнопку отписки
2024-03-03 14:15:19,221 - INFO - Найдена кнопка отписки - кликаем
2024-03-03 14:15:21,288 - INFO - Ожидание загрузки страницы 5 секунд
2024-03-03 14:15:26,303 - INFO - Элемент удален
2024-03-03 14:15:26,303 - INFO - Ожидание загрузки страницы 2 секунд
2024-03-03 14:15:28,305 - INFO - Ищем кнопку подписки
2024-03-03 14:15:28,319 - INFO - Найдена кнопка подписки - кликаем
2024-03-03 14:15:30,391 - INFO - Ожидание загрузки страницы 5 секунд
2024-03-03 14:15:35,395 - INFO - Ищем кнопку отписки
2024-03-03 14:15:35,409 - INFO - Найдена кнопка отписки - кликаем
2024-03-03 14:15:37,466 - INFO - Ожидание загрузки страницы 5 секунд
2024-03-03 14:15:42,481 - INFO - Элемент удален
2024-03-03 14:15:42,481 - INFO - Ожидание загрузки страницы 2 секунд
2024-03-03 14:15:44,501 - INFO - Найдена кнопка закрытия окна подписчиков
2024-03-03 14:15:44,574 - INFO - Клик по кнопке закрытия окна подписчиков
2024-03-03 14:15:44,575 - INFO - Ожидание загрузки страницы 5 секунд
2024-03-03 14:15:49,626 - INFO - Найдена кнопка подписчиков
2024-03-03 14:15:49,702 - INFO - Ожидание загрузки страницы 5 секунд
2024-03-03 14:15:54,707 - INFO - Запускаем цикл по отписке
2024-03-03 14:15:54,707 - INFO - Ищем кнопку подписки
2024-03-03 14:15:54,721 - INFO - Найдена кнопка подписки - кликаем
2024-03-03 14:15:56,790 - INFO - Ожидание загрузки страницы 5 секунд
2024-03-03 14:16:01,795 - INFO - Ищем кнопку отписки
2024-03-03 14:16:01,807 - INFO - Найдена кнопка отписки - кликаем
2024-03-03 14:16:03,867 - INFO - Ожидание загрузки страницы 5 секунд
2024-03-03 14:16:08,881 - INFO - Элемент удален
2024-03-03 14:16:08,881 - INFO - Ожидание загрузки страницы 2 секунд
2024-03-03 14:16:10,883 - INFO - Ищем кнопку подписки
2024-03-03 14:16:10,898 - INFO - Найдена кнопка подписки - кликаем
2024-03-03 14:16:12,962 - INFO - Ожидание загрузки страницы 5 секунд
2024-03-03 14:16:17,966 - INFO - Ищем кнопку отписки
2024-03-03 14:16:17,980 - INFO - Найдена кнопка отписки - кликаем
2024-03-03 14:16:20,051 - INFO - Ожидание загрузки страницы 5 секунд
2024-03-03 14:16:25,062 - INFO - Элемент удален
2024-03-03 14:16:25,062 - INFO - Ожидание загрузки страницы 2 секунд
2024-03-03 14:16:27,079 - INFO - Найдена кнопка закрытия окна подписчиков
2024-03-03 14:16:27,155 - INFO - Клик по кнопке закрытия окна подписчиков
2024-03-03 14:16:27,155 - INFO - Ожидание загрузки страницы 5 секунд
2024-03-03 14:17:02,295 - INFO - Завершение работы скрипта
2024-03-03 14:35:00,236 - INFO - Драйвер запущен
2024-03-03 14:35:02,031 - INFO - Открыта страница входа в Instagram
2024-03-03 14:35:02,031 - INFO - Ожидание загрузки страницы 5 секунд
2024-03-03 14:35:07,035 - INFO - Начало работы скрипта
2024-03-03 14:35:07,175 - INFO - Введен логин
2024-03-03 14:35:07,284 - INFO - Введен пароль
2024-03-03 14:35:07,329 - INFO - Нажата кнопка входа
2024-03-03 14:35:07,329 - INFO - Ожидание загрузки страницы 5 секунд
2024-03-03 14:35:12,330 - INFO - Страница загружена
2024-03-03 14:35:12,331 - INFO - Открытие профиля
2024-03-03 14:35:15,845 - INFO - Ожидание загрузки страницы 5 секунд
2024-03-03 14:35:20,898 - INFO - Найдена кнопка подписчиков
2024-03-03 14:35:20,980 - INFO - Ожидание загрузки страницы 5 секунд
2024-03-03 14:35:25,983 - INFO - Запускаем цикл по отписке
2024-03-03 14:35:25,983 - INFO - Ищем кнопку подписки
2024-03-03 14:35:26,002 - INFO - Найдена кнопка подписки - кликаем
2024-03-03 14:35:28,076 - INFO - Ожидание загрузки страницы 5 секунд
2024-03-03 14:35:33,081 - INFO - Ищем кнопку отписки
2024-03-03 14:35:33,098 - INFO - Найдена кнопка отписки - кликаем
2024-03-03 14:35:35,165 - INFO - Ожидание загрузки страницы 5 секунд
2024-03-03 14:35:40,181 - INFO - Элемент удален
2024-03-03 14:35:40,181 - INFO - Ожидание загрузки страницы 2 секунд
2024-03-03 14:35:42,183 - INFO - Ищем кнопку подписки
2024-03-03 14:35:42,197 - INFO - Найдена кнопка подписки - кликаем
2024-03-03 14:35:44,307 - INFO - Ожидание загрузки страницы 5 секунд
2024-03-03 14:35:49,310 - INFO - Ищем кнопку отписки
2024-03-03 14:35:49,323 - INFO - Найдена кнопка отписки - кликаем
2024-03-03 14:35:51,372 - INFO - Ожидание загрузки страницы 5 секунд
2024-03-03 14:35:56,384 - INFO - Элемент удален
2024-03-03 14:35:56,384 - INFO - Ожидание загрузки страницы 2 секунд
2024-03-03 14:35:58,403 - INFO - Найдена кнопка закрытия окна подписчиков
2024-03-03 14:35:58,482 - INFO - Клик по кнопке закрытия окна подписчиков
2024-03-03 14:35:58,482 - INFO - Ожидание загрузки страницы 5 секунд
2024-03-03 14:36:03,537 - INFO - Найдена кнопка подписчиков
2024-03-03 14:36:03,620 - INFO - Ожидание загрузки страницы 5 секунд
2024-03-03 14:36:08,623 - INFO - Запускаем цикл по отписке
2024-03-03 14:36:08,623 - INFO - Ищем кнопку подписки
2024-03-03 14:36:08,641 - INFO - Найдена кнопка подписки - кликаем
2024-03-03 14:36:40,722 - INFO - Завершение работы скрипта
2024-03-03 14:44:09,539 - INFO - Драйвер запущен
2024-03-03 14:44:11,923 - INFO - Открыта страница входа в Instagram
2024-03-03 14:44:11,923 - INFO - Ожидание загрузки страницы 5 секунд
2024-03-03 14:44:16,928 - INFO - Начало работы скрипта
2024-03-03 14:44:17,025 - INFO - Введен логин
2024-03-03 14:44:17,103 - INFO - Введен пароль
2024-03-03 14:44:17,146 - INFO - Нажата кнопка входа
2024-03-03 14:44:17,146 - INFO - Ожидание загрузки страницы 5 секунд
2024-03-03 14:44:22,150 - INFO - Страница загружена
2024-03-03 14:44:22,151 - INFO - Открытие профиля
2024-03-03 14:44:30,409 - INFO - Ожидание загрузки страницы 5 секунд
2024-03-03 14:44:35,457 - INFO - Найдена кнопка подписчиков
2024-03-03 14:44:35,522 - INFO - Ожидание загрузки страницы 5 секунд
2024-03-03 14:44:40,527 - INFO - Запускаем цикл по отписке
2024-03-03 14:44:40,527 - INFO - Ищем кнопку подписки
2024-03-03 14:44:40,541 - INFO - Найдена кнопка подписки - кликаем
2024-03-03 14:44:42,600 - INFO - Ожидание загрузки страницы 5 секунд
2024-03-03 14:44:47,602 - INFO - Ищем кнопку отписки
2024-03-03 14:44:47,619 - INFO - Найдена кнопка отписки - кликаем
2024-03-03 14:44:49,671 - INFO - Ожидание загрузки страницы 5 секунд
2024-03-03 14:44:54,684 - INFO - Элемент удален
2024-03-03 14:44:54,684 - INFO - Ожидание загрузки страницы 2 секунд
2024-03-03 14:44:56,685 - INFO - Ищем кнопку подписки
2024-03-03 14:44:56,698 - INFO - Найдена кнопка подписки - кликаем
2024-03-03 14:44:58,746 - INFO - Ожидание загрузки страницы 5 секунд
2024-03-03 14:45:03,751 - INFO - Ищем кнопку отписки
2024-03-03 14:45:03,762 - INFO - Найдена кнопка отписки - кликаем
2024-03-03 14:45:05,804 - INFO - Ожидание загрузки страницы 5 секунд
2024-03-03 14:45:10,818 - INFO - Элемент удален
2024-03-03 14:45:10,818 - INFO - Ожидание загрузки страницы 2 секунд
2024-03-03 14:45:12,820 - INFO - Ищем кнопку подписки
2024-03-03 14:45:12,832 - INFO - Найдена кнопка подписки - кликаем
2024-03-03 14:45:14,880 - INFO - Ожидание загрузки страницы 5 секунд
2024-03-03 14:45:19,882 - INFO - Ищем кнопку отписки
2024-03-03 14:45:19,894 - INFO - Найдена кнопка отписки - кликаем
2024-03-03 14:45:21,935 - INFO - Ожидание загрузки страницы 5 секунд
2024-03-03 14:45:26,947 - INFO - Элемент удален
2024-03-03 14:45:26,947 - INFO - Ожидание загрузки страницы 2 секунд
2024-03-03 14:45:28,948 - INFO - Ищем кнопку подписки
2024-03-03 14:45:28,957 - INFO - Найдена кнопка подписки - кликаем
2024-03-03 14:45:31,000 - INFO - Ожидание загрузки страницы 5 секунд
2024-03-03 14:45:36,003 - INFO - Ищем кнопку отписки
2024-03-03 14:45:36,013 - INFO - Найдена кнопка отписки - кликаем
2024-03-03 14:45:38,057 - INFO - Ожидание загрузки страницы 5 секунд
2024-03-03 14:45:43,071 - INFO - Элемент удален
2024-03-03 14:45:43,071 - INFO - Ожидание загрузки страницы 2 секунд
2024-03-03 14:45:45,073 - INFO - Ищем кнопку подписки
2024-03-03 14:45:45,084 - INFO - Найдена кнопка подписки - кликаем
2024-03-03 14:45:47,247 - INFO - Ожидание загрузки страницы 5 секунд
2024-03-03 14:45:52,252 - INFO - Ищем кнопку отписки
2024-03-03 14:45:52,263 - INFO - Найдена кнопка отписки - кликаем
2024-03-03 14:45:54,305 - INFO - Ожидание загрузки страницы 5 секунд
2024-03-03 14:45:59,317 - INFO - Элемент удален
2024-03-03 14:45:59,317 - INFO - Ожидание загрузки страницы 2 секунд
2024-03-03 14:46:01,319 - INFO - Ищем кнопку подписки
2024-03-03 14:46:01,332 - INFO - Найдена кнопка подписки - кликаем
2024-03-03 14:46:03,382 - INFO - Ожидание загрузки страницы 5 секунд
2024-03-03 14:46:08,387 - INFO - Ищем кнопку отписки
2024-03-03 14:46:08,398 - INFO - Найдена кнопка отписки - кликаем
2024-03-03 14:46:10,438 - INFO - Ожидание загрузки страницы 5 секунд
2024-03-03 14:46:15,450 - INFO - Элемент удален
2024-03-03 14:46:15,450 - INFO - Ожидание загрузки страницы 2 секунд
2024-03-03 14:46:17,450 - INFO - Ищем кнопку подписки
2024-03-03 14:46:17,462 - INFO - Найдена кнопка подписки - кликаем
2024-03-03 14:46:19,509 - INFO - Ожидание загрузки страницы 5 секунд
2024-03-03 14:46:24,515 - INFO - Ищем кнопку отписки
2024-03-03 14:46:24,526 - INFO - Найдена кнопка отписки - кликаем
2024-03-03 14:46:26,571 - INFO - Ожидание загрузки страницы 5 секунд
2024-03-03 14:46:31,581 - INFO - Элемент удален
2024-03-03 14:46:31,582 - INFO - Ожидание загрузки страницы 2 секунд
2024-03-03 14:46:33,582 - INFO - Ищем кнопку подписки
2024-03-03 14:46:33,595 - INFO - Найдена кнопка подписки - кликаем
2024-03-03 14:46:35,641 - INFO - Ожидание загрузки страницы 5 секунд
2024-03-03 14:46:40,646 - INFO - Ищем кнопку отписки
2024-03-03 14:46:40,657 - INFO - Найдена кнопка отписки - кликаем
2024-03-03 14:46:42,697 - INFO - Ожидание загрузки страницы 5 секунд
2024-03-03 14:46:47,714 - INFO - Элемент удален
2024-03-03 14:46:47,714 - INFO - Ожидание загрузки страницы 2 секунд
2024-03-03 14:46:49,716 - INFO - Ищем кнопку подписки
2024-03-03 14:46:49,728 - INFO - Найдена кнопка подписки - кликаем
2024-03-03 14:46:51,778 - INFO - Ожидание загрузки страницы 5 секунд
2024-03-03 14:46:56,782 - INFO - Ищем кнопку отписки
2024-03-03 14:46:56,794 - INFO - Найдена кнопка отписки - кликаем
2024-03-03 14:46:58,832 - INFO - Ожидание загрузки страницы 5 секунд
2024-03-03 14:47:03,844 - INFO - Элемент удален
2024-03-03 14:47:03,844 - INFO - Ожидание загрузки страницы 2 секунд
2024-03-03 14:47:05,846 - INFO - Ищем кнопку подписки
2024-03-03 14:47:05,859 - INFO - Найдена кнопка подписки - кликаем
2024-03-03 14:47:07,913 - INFO - Ожидание загрузки страницы 5 секунд
2024-03-03 14:47:12,914 - INFO - Ищем кнопку отписки
2024-03-03 14:47:12,926 - INFO - Найдена кнопка отписки - кликаем
2024-03-03 14:47:14,967 - INFO - Ожидание загрузки страницы 5 секунд
2024-03-03 14:47:19,978 - INFO - Элемент удален
2024-03-03 14:47:19,978 - INFO - Ожидание загрузки страницы 2 секунд
2024-03-03 14:47:21,994 - INFO - Найдена кнопка закрытия окна подписчиков
2024-03-03 14:47:22,069 - INFO - Клик по кнопке закрытия окна подписчиков
2024-03-03 14:47:22,069 - INFO - Ожидание загрузки страницы 5 секунд
2024-03-03 14:47:27,116 - INFO - Найдена кнопка подписчиков
2024-03-03 14:47:27,180 - INFO - Ожидание загрузки страницы 5 секунд
2024-03-03 14:47:32,183 - INFO - Запускаем цикл по отписке
2024-03-03 14:47:32,184 - INFO - Ищем кнопку подписки
2024-03-03 14:47:32,195 - INFO - Найдена кнопка подписки - кликаем
2024-03-03 14:47:34,251 - INFO - Ожидание загрузки страницы 5 секунд
2024-03-03 14:47:39,255 - INFO - Ищем кнопку отписки
2024-03-03 14:47:39,267 - INFO - Найдена кнопка отписки - кликаем
2024-03-03 14:47:41,309 - INFO - Ожидание загрузки страницы 5 секунд
2024-03-03 14:47:46,317 - INFO - Элемент удален
2024-03-03 14:47:46,318 - INFO - Ожидание загрузки страницы 2 секунд
2024-03-03 14:47:48,319 - INFO - Ищем кнопку подписки
2024-03-03 14:47:48,328 - INFO - Найдена кнопка подписки - кликаем
2024-03-03 14:47:50,388 - INFO - Ожидание загрузки страницы 5 секунд
2024-03-03 14:47:55,390 - INFO - Ищем кнопку отписки
2024-03-03 14:47:55,400 - INFO - Найдена кнопка отписки - кликаем
2024-03-03 14:47:57,449 - INFO - Ожидание загрузки страницы 5 секунд
2024-03-03 14:48:02,456 - INFO - Элемент удален
2024-03-03 14:48:02,456 - INFO - Ожидание загрузки страницы 2 секунд
2024-03-03 14:48:04,458 - INFO - Ищем кнопку подписки
2024-03-03 14:48:04,467 - INFO - Найдена кнопка подписки - кликаем
2024-03-03 14:48:06,511 - INFO - Ожидание загрузки страницы 5 секунд
2024-03-03 14:48:11,514 - INFO - Ищем кнопку отписки
2024-03-03 14:48:11,526 - INFO - Найдена кнопка отписки - кликаем
2024-03-03 14:48:13,557 - INFO - Ожидание загрузки страницы 5 секунд
2024-03-03 14:48:18,570 - INFO - Элемент удален
2024-03-03 14:48:18,570 - INFO - Ожидание загрузки страницы 2 секунд
2024-03-03 14:48:20,571 - INFO - Ищем кнопку подписки
2024-03-03 14:48:20,580 - INFO - Найдена кнопка подписки - кликаем
2024-03-03 14:48:22,629 - INFO - Ожидание загрузки страницы 5 секунд
2024-03-03 14:48:27,634 - INFO - Ищем кнопку отписки
2024-03-03 14:48:27,645 - INFO - Найдена кнопка отписки - кликаем
2024-03-03 14:48:29,686 - INFO - Ожидание загрузки страницы 5 секунд
2024-03-03 14:48:34,702 - INFO - Элемент удален
2024-03-03 14:48:34,703 - INFO - Ожидание загрузки страницы 2 секунд
2024-03-03 14:48:36,705 - INFO - Ищем кнопку подписки
2024-03-03 14:48:36,717 - INFO - Найдена кнопка подписки - кликаем
2024-03-03 14:48:38,764 - INFO - Ожидание загрузки страницы 5 секунд
2024-03-03 14:48:43,767 - INFO - Ищем кнопку отписки
2024-03-03 14:48:43,780 - INFO - Найдена кнопка отписки - кликаем
2024-03-03 14:48:45,827 - INFO - Ожидание загрузки страницы 5 секунд
2024-03-03 14:48:50,839 - INFO - Элемент удален
2024-03-03 14:48:50,839 - INFO - Ожидание загрузки страницы 2 секунд
2024-03-03 14:48:52,842 - INFO - Ищем кнопку подписки
2024-03-03 14:48:52,854 - INFO - Найдена кнопка подписки - кликаем
2024-03-03 14:49:24,918 - INFO - Завершение работы скрипта
